E:\WORK\CPLUSPLUS\EXPLORERSOFSAARUM\DEBUG\EOS.OBJ
E:\WORK\CPLUSPLUS\EXPLORERSOFSAARUM\DEBUG\EVENTBASE.OBJ
E:\WORK\CPLUSPLUS\EXPLORERSOFSAARUM\DEBUG\TGCBUTTON.OBJ
E:\WORK\CPLUSPLUS\EXPLORERSOFSAARUM\DEBUG\TGRAPH.OBJ
E:\WORK\CPLUSPLUS\EXPLORERSOFSAARUM\DEBUG\TGUI.OBJ
E:\WORK\CPLUSPLUS\EXPLORERSOFSAARUM\DEBUG\TGUICONTROL.OBJ
E:\WORK\CPLUSPLUS\EXPLORERSOFSAARUM\DEBUG\TGUICONTROLLAYER.OBJ
E:\WORK\CPLUSPLUS\EXPLORERSOFSAARUM\DEBUG\TGUILAYER.OBJ
E:\WORK\CPLUSPLUS\EXPLORERSOFSAARUM\DEBUG\TMAP.OBJ
E:\WORK\CPLUSPLUS\EXPLORERSOFSAARUM\DEBUG\TMAPOBJECT.OBJ
E:\WORK\CPLUSPLUS\EXPLORERSOFSAARUM\DEBUG\TMAPVIEWER.OBJ
E:\WORK\CPLUSPLUS\EXPLORERSOFSAARUM\DEBUG\VC110.PDB
E:\WORK\CPLUSPLUS\EXPLORERSOFSAARUM\DEBUG\EOS.ILK
E:\WORK\CPLUSPLUS\EXPLORERSOFSAARUM\DEBUG\EOS.EXE
E:\WORK\CPLUSPLUS\EXPLORERSOFSAARUM\DEBUG\EOS.PDB
E:\WORK\Cplusplus\ExplorersOfSaarum\Debug\EoS.obj
E:\WORK\Cplusplus\ExplorersOfSaarum\Debug\EventBase.obj
E:\WORK\Cplusplus\ExplorersOfSaarum\Debug\TGCButton.obj
E:\WORK\Cplusplus\ExplorersOfSaarum\Debug\TGraph.obj
E:\WORK\Cplusplus\ExplorersOfSaarum\Debug\TGUI.obj
E:\WORK\Cplusplus\ExplorersOfSaarum\Debug\TGUIControl.obj
E:\WORK\Cplusplus\ExplorersOfSaarum\Debug\TGUIControlLayer.obj
E:\WORK\Cplusplus\ExplorersOfSaarum\Debug\TGUILayer.obj
E:\WORK\Cplusplus\ExplorersOfSaarum\Debug\TMap.obj
E:\WORK\Cplusplus\ExplorersOfSaarum\Debug\TMapObject.obj
E:\WORK\Cplusplus\ExplorersOfSaarum\Debug\TMapViewer.obj
E:\WORK\Cplusplus\ExplorersOfSaarum\Debug\EoS.ilk
E:\WORK\Cplusplus\ExplorersOfSaarum\Debug\cl.command.1.tlog
E:\WORK\Cplusplus\ExplorersOfSaarum\Debug\CL.read.1.tlog
E:\WORK\Cplusplus\ExplorersOfSaarum\Debug\CL.write.1.tlog
E:\WORK\Cplusplus\ExplorersOfSaarum\Debug\link-cvtres.read.1.tlog
E:\WORK\Cplusplus\ExplorersOfSaarum\Debug\link-cvtres.write.1.tlog
E:\WORK\Cplusplus\ExplorersOfSaarum\Debug\link-rc.read.1.tlog
E:\WORK\Cplusplus\ExplorersOfSaarum\Debug\link-rc.write.1.tlog
E:\WORK\Cplusplus\ExplorersOfSaarum\Debug\link.command.1.tlog
E:\WORK\Cplusplus\ExplorersOfSaarum\Debug\link.read.1.tlog
E:\WORK\Cplusplus\ExplorersOfSaarum\Debug\link.write.1.tlog
E:\WORK\Cplusplus\ExplorersOfSaarum\Debug\vc110.idb
E:\WORK\Cplusplus\ExplorersOfSaarum\Debug\EoS.pdb
E:\WORK\Cplusplus\ExplorersOfSaarum\Debug\vc110.pdb
E:\WORK\Cplusplus\ExplorersOfSaarum\Debug\EoS.exe
